<?xml version="1.0" encoding="UTF-8"?>
<testng-results ignored="0" total="4" passed="3" failed="1" skipped="0">
  <reporter-output>
  </reporter-output>
  <suite started-at="2021-12-01T22:29:09 IST" name="Suite" finished-at="2021-12-01T22:30:50 IST" duration-ms="101034">
    <groups>
    </groups>
    <test started-at="2021-12-01T22:29:09 IST" name="Test" finished-at="2021-12-01T22:30:50 IST" duration-ms="101034">
      <class name="FinalDemo.Multiplication">
        <test-method signature="ArithmeticOperationsMul()[pri:0, instance:FinalDemo.Multiplication@1f3f4916]" started-at="2021-12-01T22:29:09 IST" name="ArithmeticOperationsMul" finished-at="2021-12-01T22:29:25 IST" duration-ms="15286" status="PASS">
          <reporter-output>
          </reporter-output>
        </test-method> <!-- ArithmeticOperationsMul -->
      </class> <!-- FinalDemo.Multiplication -->
      <class name="FinalDemo.Division">
        <test-method signature="ArithmeticOperationsDiv()[pri:0, instance:FinalDemo.Division@3eb7fc54]" started-at="2021-12-01T22:29:43 IST" name="ArithmeticOperationsDiv" finished-at="2021-12-01T22:30:09 IST" duration-ms="25961" status="FAIL">
          <exception class="java.lang.AssertionError">
            <message>
              <![CDATA[expected [ 20] but found [ 2000]]]>
            </message>
            <full-stacktrace>
              <![CDATA[java.lang.AssertionError: expected [ 20] but found [ 2000]
at org.testng.Assert.fail(Assert.java:99)
at org.testng.Assert.failNotEquals(Assert.java:1037)
at org.testng.Assert.assertEqualsImpl(Assert.java:140)
at org.testng.Assert.assertEquals(Assert.java:122)
at org.testng.Assert.assertEquals(Assert.java:629)
at org.testng.Assert.assertEquals(Assert.java:639)
at FinalDemo.Division.ArithmeticOperationsDiv(Division.java:37)
at java.base/jdk.internal.reflect.NativeMethodAccessorImpl.invoke0(Native Method)
at java.base/jdk.internal.reflect.NativeMethodAccessorImpl.invoke(NativeMethodAccessorImpl.java:78)
at java.base/jdk.internal.reflect.DelegatingMethodAccessorImpl.invoke(DelegatingMethodAccessorImpl.java:43)
at java.base/java.lang.reflect.Method.invoke(Method.java:567)
at org.testng.internal.MethodInvocationHelper.invokeMethod(MethodInvocationHelper.java:133)
at org.testng.internal.TestInvoker.invokeMethod(TestInvoker.java:598)
at org.testng.internal.TestInvoker.invokeTestMethod(TestInvoker.java:173)
at org.testng.internal.MethodRunner.runInSequence(MethodRunner.java:46)
at org.testng.internal.TestInvoker$MethodInvocationAgent.invoke(TestInvoker.java:824)
at org.testng.internal.TestInvoker.invokeTestMethods(TestInvoker.java:146)
at org.testng.internal.TestMethodWorker.invokeTestMethods(TestMethodWorker.java:146)
at org.testng.internal.TestMethodWorker.run(TestMethodWorker.java:128)
at java.base/java.util.ArrayList.forEach(ArrayList.java:1511)
at org.testng.TestRunner.privateRun(TestRunner.java:794)
at org.testng.TestRunner.run(TestRunner.java:596)
at org.testng.SuiteRunner.runTest(SuiteRunner.java:377)
at org.testng.SuiteRunner.runSequentially(SuiteRunner.java:371)
at org.testng.SuiteRunner.privateRun(SuiteRunner.java:332)
at org.testng.SuiteRunner.run(SuiteRunner.java:276)
at org.testng.SuiteRunnerWorker.runSuite(SuiteRunnerWorker.java:53)
at org.testng.SuiteRunnerWorker.run(SuiteRunnerWorker.java:96)
at org.testng.TestNG.runSuitesSequentially(TestNG.java:1212)
at org.testng.TestNG.runSuitesLocally(TestNG.java:1134)
at org.testng.TestNG.runSuites(TestNG.java:1063)
at org.testng.TestNG.run(TestNG.java:1031)
at org.testng.remote.AbstractRemoteTestNG.run(AbstractRemoteTestNG.java:115)
at org.testng.remote.RemoteTestNG.initAndRun(RemoteTestNG.java:251)
at org.testng.remote.RemoteTestNG.main(RemoteTestNG.java:77)
]]>
            </full-stacktrace>
          </exception> <!-- java.lang.AssertionError -->
          <reporter-output>
          </reporter-output>
        </test-method> <!-- ArithmeticOperationsDiv -->
      </class> <!-- FinalDemo.Division -->
      <class name="FinalDemo.Addition">
        <test-method signature="ArithmeticOperationsAdd()[pri:0, instance:FinalDemo.Addition@79b06cab]" started-at="2021-12-01T22:29:25 IST" name="ArithmeticOperationsAdd" finished-at="2021-12-01T22:29:43 IST" duration-ms="18467" status="PASS">
          <reporter-output>
          </reporter-output>
        </test-method> <!-- ArithmeticOperationsAdd -->
      </class> <!-- FinalDemo.Addition -->
      <class name="FinalDemo.Substraction">
        <test-method signature="ArithmeticOperationsSub()[pri:0, instance:FinalDemo.Substraction@7f552bd3]" started-at="2021-12-01T22:30:09 IST" name="ArithmeticOperationsSub" finished-at="2021-12-01T22:30:50 IST" duration-ms="41103" status="PASS">
          <reporter-output>
          </reporter-output>
        </test-method> <!-- ArithmeticOperationsSub -->
      </class> <!-- FinalDemo.Substraction -->
    </test> <!-- Test -->
  </suite> <!-- Suite -->
</testng-results>
